2024-08-24 10:32:15 INFO  User 'john.doe@example.com' logged in successfully.
2024-08-24 10:34:21 WARN  Failed login attempt from 'jane.smith@example.com'.
2024-08-24 10:35:01 INFO  User 'admin@domain.com' initiated a password reset.
2024-08-24 10:36:45 INFO  User 'user1@testdomain.org' logged out.
2024-08-24 10:38:15 ERROR Invalid email 'invalid.email@domain..com' detected.
2024-08-24 10:40:30 INFO  User 'j.doe@company.com' accessed the dashboard.
2024-08-24 10:42:12 INFO  User 'sara.connor@example.com' changed password.
2024-08-24 10:43:59 INFO  Email sent to 'notifications@domain.com'.
2024-08-24 10:45:33 WARN  Multiple failed login attempts from 'hacker@unknown.com'.
2024-08-24 10:47:50 INFO  User 'michael.jackson@music.com' updated profile.
2024-08-24 10:49:12 INFO  Email confirmation sent to 'new.user@service.org'.
2024-08-24 10:51:23 INFO  User 'mark.smith@example.com' logged in successfully.
2024-08-24 10:53:37 ERROR Email 'bad.email@domain@com' malformed.
2024-08-24 10:55:11 INFO  User 'support@helpdesk.com' responded to a ticket.
2024-08-24 10:56:44 INFO  Email sent to 'contact@domain.org'.
2024-08-24 10:58:05 WARN  Possible phishing attempt detected: 'phisher@scam.com'.
2024-08-24 10:59:49 INFO  User 'alice.wonderland@example.com' logged out.
2024-08-24 11:01:15 INFO  User 'bob.builder@construction.org' added a new project.
2024-08-24 11:03:38 INFO  Email sent to 'hr@company.com'.
2024-08-24 11:05:09 WARN  Suspicious login detected from 'unknown@unknown.com'.
2024-08-24 11:07:42 INFO  User 'eve.hacker@darkweb.com' tried to access restricted area.
2024-08-24 11:09:56 INFO  User 'charlie.brown@peanuts.com' downloaded a file.
2024-08-24 11:11:23 INFO  Email confirmation sent to 'register@newdomain.org'.
2024-08-24 11:13:08 INFO  User 'freddie.mercury@queen.com' updated account settings.
2024-08-24 11:15:37 INFO  User 'bruce.wayne@gotham.com' activated 2FA.
2024-08-24 11:17:19 INFO  Email sent to 'support@service.org'.
2024-08-24 11:19:42 ERROR Email 'missing@domain' incomplete.
2024-08-24 11:21:55 INFO  User 'james.bond@mi6.com' accessed confidential files.
2024-08-24 11:23:31 INFO  User 'harry.potter@hogwarts.edu' changed password.
2024-08-24 11:25:03 WARN  Invalid login attempt from 'invalid@notadomain'.
2024-08-24 11:26:49 INFO  User 'ron.weasley@hogwarts.edu' requested access to a course.
2024-08-24 11:28:24 INFO  Email sent to 'team@project.org'.
2024-08-24 11:30:08 WARN  Multiple failed attempts from 'attacker@unknown.com'.
2024-08-24 11:32:53 INFO  User 'hermione.granger@hogwarts.edu' logged in successfully.
2024-08-24 11:34:39 INFO  User 'dr.who@tardis.co.uk' updated travel plans.
2024-08-24 11:36:11 INFO  Email confirmation sent to 'verify@service.com'.
2024-08-24 11:38:02 INFO  User 'clark.kent@dailyplanet.com' logged in successfully.
2024-08-24 11:40:17 ERROR Email 'incomplete@domain' detected.
2024-08-24 11:42:28 INFO  User 'luke.skywalker@force.com' accessed training module.
2024-08-24 11:44:10 INFO  User 'darth.vader@empire.com' changed settings.
2024-08-24 11:46:05 INFO  Email sent to 'report@domain.org'.
2024-08-24 11:47:53 INFO  User 'tony.stark@starkindustries.com' logged out.
2024-08-24 11:50:27 INFO  User 'peter.parker@dailybugle.com' uploaded photos.
2024-08-24 11:52:33 WARN  Unauthorized login attempt from 'intruder@unknown.com'.

